<?xml version="1.0" encoding="UTF-8"?>
<testng-results ignored="0" total="1" passed="1" failed="0" skipped="0">
  <reporter-output>
  </reporter-output>
  <suite started-at="2025-12-11T21:24:23 IST" name="Default suite" finished-at="2025-12-11T21:24:34 IST" duration-ms="11207">
    <groups>
    </groups>
    <test started-at="2025-12-11T21:24:23 IST" name="Default test" finished-at="2025-12-11T21:24:34 IST" duration-ms="11207">
      <class name="TestClass">
        <test-method signature="firstMethod()[pri:0, instance:TestClass@145f66e3]" started-at="2025-12-11T21:24:23 IST" name="firstMethod" finished-at="2025-12-11T21:24:34 IST" duration-ms="11161" status="PASS">
          <reporter-output>
          </reporter-output>
        </test-method> <!-- firstMethod -->
      </class> <!-- TestClass -->
    </test> <!-- Default test -->
  </suite> <!-- Default suite -->
</testng-results>
